#
# There is insufficient memory for the Java Runtime Environment to continue.
# Native memory allocation (malloc) failed to allocate 1278096 bytes for Chunk::new
# Possible reasons:
#   The system is out of physical RAM or swap space
#   The process is running with CompressedOops enabled, and the Java Heap may be blocking the growth of the native heap
# Possible solutions:
#   Reduce memory load on the system
#   Increase physical memory or swap space
#   Check if swap backing store is full
#   Decrease Java heap size (-Xmx/-Xms)
#   Decrease number of Java threads
#   Decrease Java thread stack sizes (-Xss)
#   Set larger code cache with -XX:ReservedCodeCacheSize=
#   JVM is running with Unscaled Compressed Oops mode in which the Java heap is
#     placed in the first 4GB address space. The Java Heap base address is the
#     maximum limit for the native heap growth. Please use -XX:HeapBaseMinAddress
#     to set the Java Heap base and to place the Java Heap above 4GB virtual address.
# This output file may be truncated or incomplete.
#
#  Out of Memory Error (allocation.cpp:389), pid=1532, tid=0x0000000000000450
#
# JRE version: OpenJDK Runtime Environment (8.0_212-b04) (build 1.8.0_212-release-1586-b04)
# Java VM: OpenJDK 64-Bit Server VM (25.212-b04 mixed mode windows-amd64 compressed oops)
# Failed to write core dump. Minidumps are not enabled by default on client versions of Windows
#

---------------  T H R E A D  ---------------

Current thread (0x0000000016652000):  JavaThread "C2 CompilerThread0" daemon [_thread_in_native, id=1104, stack(0x00000000176d0000,0x00000000177d0000)]

Stack: [0x00000000176d0000,0x00000000177d0000]
[error occurred during error reporting (printing stack bounds), id 0xc0000005]

Native frames: (J=compiled Java code, j=interpreted, Vv=VM code, C=native code)


Current CompileTask:
C2:3784479 29817       4       com.android.tools.r8.ir.regalloc.LinearScanRegisterAllocator::a (1756 bytes)


---------------  P R O C E S S  ---------------

Java Threads: ( => current thread )
  0x000000001c79e000 JavaThread "Cache worker for Java compile cache (C:\Users\christ\AndroidStudioProjects\CovidApp\.gradle\5.6.4\javaCompile)" [_thread_blocked, id=7812, stack(0x000000002e130000,0x000000002e230000)]
  0x000000001c791000 JavaThread "WorkerExecutor Queue Thread 3" [_thread_blocked, id=6756, stack(0x0000000029f80000,0x000000002a080000)]
  0x000000001c797800 JavaThread "stdout" [_thread_in_native, id=9960, stack(0x0000000028ab0000,0x0000000028bb0000)]
  0x000000001c78f800 JavaThread "stderr" [_thread_in_native, id=10152, stack(0x00000000288b0000,0x00000000289b0000)]
  0x000000001c795000 JavaThread "stdout" [_thread_in_native, id=9776, stack(0x00000000283b0000,0x00000000284b0000)]
  0x000000001c796800 JavaThread "stderr" [_thread_in_native, id=8016, stack(0x0000000024b80000,0x0000000024c80000)]
  0x000000001c794800 JavaThread "pool-22-thread-1" [_thread_blocked, id=7848, stack(0x0000000024a80000,0x0000000024b80000)]
  0x000000001c792800 JavaThread "WorkerExecutor Queue" [_thread_blocked, id=1828, stack(0x0000000024880000,0x0000000024980000)]
  0x000000001cc5a800 JavaThread "Cache worker for execution history cache (C:\Users\christ\AndroidStudioProjects\CovidApp\.gradle\5.6.4\executionHistory)" [_thread_blocked, id=5332, stack(0x0000000022c00000,0x0000000022d00000)]
  0x000000001cc59000 JavaThread "Execution worker for ':'" [_thread_in_Java, id=296, stack(0x0000000022900000,0x0000000022a00000)]
  0x000000001cc58000 JavaThread "Cache worker for file content cache (C:\Users\christ\AndroidStudioProjects\CovidApp\.gradle\5.6.4\fileContent)" [_thread_blocked, id=1484, stack(0x00000000221b0000,0x00000000222b0000)]
  0x000000001cc57800 JavaThread "Cache worker for Build Output Cleanup Cache (C:\Users\christ\AndroidStudioProjects\CovidApp\.gradle\buildOutputCleanup)" [_thread_blocked, id=6508, stack(0x000000001f6c0000,0x000000001f7c0000)]
  0x000000001cc56800 JavaThread "Build operations Thread 2" [_thread_blocked, id=5436, stack(0x000000001f5c0000,0x000000001f6c0000)]
  0x000000001cc56000 JavaThread "Build operations" [_thread_blocked, id=5292, stack(0x000000001e9c0000,0x000000001eac0000)]
  0x000000001cc55000 JavaThread "Cache worker for cache directory md-rule (C:\Users\christ\.gradle\caches\5.6.4\md-rule)" [_thread_blocked, id=9484, stack(0x000000001e8c0000,0x000000001e9c0000)]
  0x000000001cc52000 JavaThread "Cache worker for cache directory md-supplier (C:\Users\christ\.gradle\caches\5.6.4\md-supplier)" [_thread_blocked, id=9564, stack(0x000000001c020000,0x000000001c120000)]
  0x000000001cc4d800 JavaThread "Cache worker for file hash cache (C:\Users\christ\AndroidStudioProjects\CovidApp\.gradle\5.6.4\fileHashes)" [_thread_blocked, id=6800, stack(0x000000001b820000,0x000000001b920000)]
  0x000000001cc54800 JavaThread "Thread-64" [_thread_blocked, id=9796, stack(0x000000001b720000,0x000000001b820000)]
  0x000000001cc4f000 JavaThread "Asynchronous log dispatcher for DefaultDaemonConnection: socket connection from /127.0.0.1:1460 to /127.0.0.1:1881" [_thread_blocked, id=6604, stack(0x000000001b520000,0x000000001b620000)]
  0x000000001cc4d000 JavaThread "Daemon worker Thread 3" [_thread_in_Java, id=9308, stack(0x000000001b420000,0x000000001b520000)]
  0x000000001cc50000 JavaThread "Cancel handler" [_thread_blocked, id=8704, stack(0x000000001b120000,0x000000001b220000)]
  0x000000001cc53800 JavaThread "Handler for socket connection from /127.0.0.1:1460 to /127.0.0.1:1881" [_thread_in_native, id=5176, stack(0x000000001b020000,0x000000001b120000)]
  0x000000001cc51800 JavaThread "Daemon Thread 3" [_thread_blocked, id=1392, stack(0x0000000002b80000,0x0000000002c80000)]
  0x000000001dcfc000 JavaThread "Cache worker for Java compile cache (C:\Users\christ\.gradle\caches\5.6.4\javaCompile)" [_thread_blocked, id=9760, stack(0x00000000289b0000,0x0000000028ab0000)]
  0x000000001dcf6800 JavaThread "RMI Reaper" [_thread_blocked, id=7652, stack(0x00000000286b0000,0x00000000287b0000)]
  0x000000001dcf7800 JavaThread "RMI TCP Accept-0" daemon [_thread_in_native, id=9256, stack(0x00000000285b0000,0x00000000286b0000)]
  0x000000001dcf0000 JavaThread "GC Daemon" daemon [_thread_blocked, id=5900, stack(0x00000000284b0000,0x00000000285b0000)]
  0x000000001dcf3800 JavaThread "RMI Scheduler(0)" daemon [_thread_blocked, id=8172, stack(0x00000000282b0000,0x00000000283b0000)]
  0x000000001c799800 JavaThread "Cache worker for file content cache (C:\Users\christ\.gradle\caches\5.6.4\fileContent)" [_thread_blocked, id=5288, stack(0x000000001fdc0000,0x000000001fec0000)]
  0x000000001c792000 JavaThread "Memory manager" [_thread_blocked, id=8140, stack(0x00000000208c0000,0x00000000209c0000)]
  0x0000000019b24000 JavaThread "Cache worker for execution history cache (C:\Users\christ\.gradle\caches\5.6.4\executionHistory)" [_thread_blocked, id=4476, stack(0x000000001eac0000,0x000000001ebc0000)]
  0x0000000019b25000 JavaThread "Cache worker for journal cache (C:\Users\christ\.gradle\caches\journal-1)" [_thread_blocked, id=3476, stack(0x000000001bd20000,0x000000001be20000)]
  0x0000000019b22800 JavaThread "File lock request listener" [_thread_in_native, id=6916, stack(0x000000001bc20000,0x000000001bd20000)]
  0x0000000019aed800 JavaThread "Cache worker for file hash cache (C:\Users\christ\.gradle\caches\5.6.4\fileHashes)" [_thread_blocked, id=3680, stack(0x000000001bb20000,0x000000001bc20000)]
  0x000000001967f800 JavaThread "Daemon periodic checks" [_thread_in_native, id=2120, stack(0x000000001af20000,0x000000001b020000)]
  0x0000000019632800 JavaThread "Incoming local TCP Connector on port 1460" [_thread_in_native, id=6784, stack(0x000000001acb0000,0x000000001adb0000)]
  0x000000001955b000 JavaThread "Daemon health stats" [_thread_blocked, id=3176, stack(0x00000000196a0000,0x00000000197a0000)]
  0x00000000166ca000 JavaThread "Service Thread" daemon [_thread_blocked, id=2984, stack(0x00000000178d0000,0x00000000179d0000)]
  0x0000000016656800 JavaThread "C1 CompilerThread1" daemon [_thread_blocked, id=5344, stack(0x00000000177d0000,0x00000000178d0000)]
=>0x0000000016652000 JavaThread "C2 CompilerThread0" daemon [_thread_in_native, id=1104, stack(0x00000000176d0000,0x00000000177d0000)]
  0x0000000016663800 JavaThread "Attach Listener" daemon [_thread_blocked, id=2272, stack(0x00000000175d0000,0x00000000176d0000)]
  0x0000000016660800 JavaThread "Signal Dispatcher" daemon [_thread_blocked, id=4468, stack(0x00000000174d0000,0x00000000175d0000)]
  0x0000000002f26000 JavaThread "Finalizer" daemon [_thread_blocked, id=3348, stack(0x00000000172a0000,0x00000000173a0000)]
  0x0000000002f1e000 JavaThread "Reference Handler" daemon [_thread_blocked, id=6440, stack(0x00000000171a0000,0x00000000172a0000)]
  0x0000000002d2d800 JavaThread "main" [_thread_blocked, id=8516, stack(0x0000000002d30000,0x0000000002e30000)]

Other Threads:
  0x0000000016624800 VMThread [stack: 0x00000000170a0000,0x00000000171a0000] [id=2780]
  0x00000000166e4800 WatcherThread [stack: 0x00000000179d0000,0x0000000017ad0000] [id=2620]

VM state:not at safepoint (normal execution)

VM Mutex/Monitor currently owned by a thread: None

heap address: 0x00000000a0000000, size: 1536 MB, Compressed Oops mode: 32-bit
Narrow klass base: 0x0000000000000000, Narrow klass shift: 3
Compressed class space size: 1073741824 Address: 0x0000000100000000

Heap:
 PSYoungGen      total 475136K, used 187881K [0x00000000e0000000, 0x0000000100000000, 0x0000000100000000)
  eden space 432640K, 33% used [0x00000000e0000000,0x00000000e8e15a80,0x00000000fa680000)
  from space 42496K, 99% used [0x00000000fa680000,0x00000000fcfe4b80,0x00000000fd000000)
  to   space 49152K, 0% used [0x00000000fd000000,0x00000000fd000000,0x0000000100000000)
 ParOldGen       total 180736K, used 101817K [0x00000000a0000000, 0x00000000ab080000, 0x00000000e0000000)
  object space 180736K, 56% used [0x00000000a0000000,0x00000000a636e680,0x00000000ab080000)
 Metaspace       used 161897K, capacity 167577K, committed 167680K, reserved 1196032K
  class space    used 20365K, capacity 21475K, committed 21504K, reserved 1048576K

Card table byte_map: [0x00000000122f0000,0x0000000012600000] byte_map_base: 0x0000000011df0000

Marking Bits: (ParMarkBitMap*) 0x0000000056de9f30
 Begin Bits: [0x0000000012a00000, 0x0000000014200000)
 End Bits:   [0x0000000014200000, 0x0000000015a00000)

Polling page: 0x0000000001380000

CodeCache: size=245760Kb used=83005Kb max_used=83072Kb free=162754Kb
 bounds [0x0000000002f30000, 0x0000000008100000, 0x0000000011f30000]
 total_blobs=24339 nmethods=23310 adapters=940
 compilation: enabled

Compilation events (10 events):
Event: 3772.913 Thread 0x0000000016652000 nmethod 29812 0x00000000080b3710 code [0x00000000080b40a0, 0x00000000080b9de0]
Event: 3772.913 Thread 0x0000000016652000 29823       4       com.android.tools.r8.ir.optimize.Z::a (1301 bytes)
Event: 3776.195 Thread 0x0000000016652000 nmethod 29823 0x00000000080c17d0 code [0x00000000080c21c0, 0x00000000080c9b58]
Event: 3776.196 Thread 0x0000000016652000 29824       4       com.android.tools.r8.u.c.o::a (1157 bytes)
Event: 3777.436 Thread 0x0000000016652000 nmethod 29824 0x00000000080d57d0 code [0x00000000080d6160, 0x00000000080dbe00]
Event: 3777.436 Thread 0x0000000016652000 29831       4       com.android.tools.r8.ir.regalloc.LinearScanRegisterAllocator::a (930 bytes)
Event: 3780.308 Thread 0x0000000016652000 nmethod 29831 0x00000000080e3750 code [0x00000000080e4040, 0x00000000080ebbd0]
Event: 3781.883 Thread 0x0000000016652000 29839       4       com.android.tools.r8.u.b.T::a (119 bytes)
Event: 3781.948 Thread 0x0000000016652000 nmethod 29839 0x0000000007966d50 code [0x0000000007966f00, 0x00000000079676d8]
Event: 3782.297 Thread 0x0000000016652000 29817       4       com.android.tools.r8.ir.regalloc.LinearScanRegisterAllocator::a (1756 bytes)

GC Heap History (10 events):
Event: 3118.545 GC heap before
{Heap before GC invocations=28 (full 5):
 PSYoungGen      total 471552K, used 436733K [0x00000000e0000000, 0x0000000100000000, 0x0000000100000000)
  eden space 421888K, 100% used [0x00000000e0000000,0x00000000f9c00000,0x00000000f9c00000)
  from space 49664K, 29% used [0x00000000fcb00000,0x00000000fd97f660,0x00000000ffb80000)
  to   space 48128K, 0% used [0x00000000f9c00000,0x00000000f9c00000,0x00000000fcb00000)
 ParOldGen       total 180736K, used 94937K [0x00000000a0000000, 0x00000000ab080000, 0x00000000e0000000)
  object space 180736K, 52% used [0x00000000a0000000,0x00000000a5cb67a0,0x00000000ab080000)
 Metaspace       used 153041K, capacity 158059K, committed 158336K, reserved 1187840K
  class space    used 19249K, capacity 20260K, committed 20352K, reserved 1048576K
Event: 3118.626 GC heap after
Heap after GC invocations=28 (full 5):
 PSYoungGen      total 470016K, used 14700K [0x00000000e0000000, 0x00000000ffa80000, 0x0000000100000000)
  eden space 421888K, 0% used [0x00000000e0000000,0x00000000e0000000,0x00000000f9c00000)
  from space 48128K, 30% used [0x00000000f9c00000,0x00000000faa5b348,0x00000000fcb00000)
  to   space 46080K, 0% used [0x00000000fcd80000,0x00000000fcd80000,0x00000000ffa80000)
 ParOldGen       total 180736K, used 94937K [0x00000000a0000000, 0x00000000ab080000, 0x00000000e0000000)
  object space 180736K, 52% used [0x00000000a0000000,0x00000000a5cb67a0,0x00000000ab080000)
 Metaspace       used 153041K, capacity 158059K, committed 158336K, reserved 1187840K
  class space    used 19249K, capacity 20260K, committed 20352K, reserved 1048576K
}
Event: 3126.876 GC heap before
{Heap before GC invocations=29 (full 5):
 PSYoungGen      total 470016K, used 436588K [0x00000000e0000000, 0x00000000ffa80000, 0x0000000100000000)
  eden space 421888K, 100% used [0x00000000e0000000,0x00000000f9c00000,0x00000000f9c00000)
  from space 48128K, 30% used [0x00000000f9c00000,0x00000000faa5b348,0x00000000fcb00000)
  to   space 46080K, 0% used [0x00000000fcd80000,0x00000000fcd80000,0x00000000ffa80000)
 ParOldGen       total 180736K, used 95017K [0x00000000a0000000, 0x00000000ab080000, 0x00000000e0000000)
  object space 180736K, 52% used [0x00000000a0000000,0x00000000a5cca5a0,0x00000000ab080000)
 Metaspace       used 154965K, capacity 160233K, committed 160384K, reserved 1189888K
  class space    used 19487K, capacity 20519K, committed 20608K, reserved 1048576K
Event: 3126.916 GC heap after
Heap after GC invocations=29 (full 5):
 PSYoungGen      total 474112K, used 22501K [0x00000000e0000000, 0x00000000ffb00000, 0x0000000100000000)
  eden space 428032K, 0% used [0x00000000e0000000,0x00000000e0000000,0x00000000fa200000)
  from space 46080K, 48% used [0x00000000fcd80000,0x00000000fe379520,0x00000000ffa80000)
  to   space 44544K, 0% used [0x00000000fa200000,0x00000000fa200000,0x00000000fcd80000)
 ParOldGen       total 180736K, used 95025K [0x00000000a0000000, 0x00000000ab080000, 0x00000000e0000000)
  object space 180736K, 52% used [0x00000000a0000000,0x00000000a5ccc5a0,0x00000000ab080000)
 Metaspace       used 154965K, capacity 160233K, committed 160384K, reserved 1189888K
  class space    used 19487K, capacity 20519K, committed 20608K, reserved 1048576K
}
Event: 3126.976 GC heap before
{Heap before GC invocations=30 (full 5):
 PSYoungGen      total 474112K, used 28985K [0x00000000e0000000, 0x00000000ffb00000, 0x0000000100000000)
  eden space 428032K, 1% used [0x00000000e0000000,0x00000000e0655208,0x00000000fa200000)
  from space 46080K, 48% used [0x00000000fcd80000,0x00000000fe379520,0x00000000ffa80000)
  to   space 44544K, 0% used [0x00000000fa200000,0x00000000fa200000,0x00000000fcd80000)
 ParOldGen       total 180736K, used 95025K [0x00000000a0000000, 0x00000000ab080000, 0x00000000e0000000)
  object space 180736K, 52% used [0x00000000a0000000,0x00000000a5ccc5a0,0x00000000ab080000)
 Metaspace       used 155000K, capacity 160297K, committed 160640K, reserved 1189888K
  class space    used 19487K, capacity 20519K, committed 20608K, reserved 1048576K
Event: 3127.027 GC heap after
Heap after GC invocations=30 (full 5):
 PSYoungGen      total 472576K, used 21431K [0x00000000e0000000, 0x00000000ffa80000, 0x0000000100000000)
  eden space 428032K, 0% used [0x00000000e0000000,0x00000000e0000000,0x00000000fa200000)
  from space 44544K, 48% used [0x00000000fa200000,0x00000000fb6ede20,0x00000000fcd80000)
  to   space 42496K, 0% used [0x00000000fd100000,0x00000000fd100000,0x00000000ffa80000)
 ParOldGen       total 180736K, used 95033K [0x00000000a0000000, 0x00000000ab080000, 0x00000000e0000000)
  object space 180736K, 52% used [0x00000000a0000000,0x00000000a5cce5a0,0x00000000ab080000)
 Metaspace       used 155000K, capacity 160297K, committed 160640K, reserved 1189888K
  class space    used 19487K, capacity 20519K, committed 20608K, reserved 1048576K
}
Event: 3695.738 GC heap before
{Heap before GC invocations=31 (full 5):
 PSYoungGen      total 472576K, used 449463K [0x00000000e0000000, 0x00000000ffa80000, 0x0000000100000000)
  eden space 428032K, 100% used [0x00000000e0000000,0x00000000fa200000,0x00000000fa200000)
  from space 44544K, 48% used [0x00000000fa200000,0x00000000fb6ede20,0x00000000fcd80000)
  to   space 42496K, 0% used [0x00000000fd100000,0x00000000fd100000,0x00000000ffa80000)
 ParOldGen       total 180736K, used 95033K [0x00000000a0000000, 0x00000000ab080000, 0x00000000e0000000)
  object space 180736K, 52% used [0x00000000a0000000,0x00000000a5cce5a0,0x00000000ab080000)
 Metaspace       used 161793K, capacity 167503K, committed 167680K, reserved 1196032K
  class space    used 20357K, capacity 21474K, committed 21504K, reserved 1048576K
Event: 3702.179 GC heap after
Heap after GC invocations=31 (full 5):
 PSYoungGen      total 475136K, used 29116K [0x00000000e0000000, 0x0000000100000000, 0x0000000100000000)
  eden space 432640K, 0% used [0x00000000e0000000,0x00000000e0000000,0x00000000fa680000)
  from space 42496K, 68% used [0x00000000fd100000,0x00000000fed6f2f8,0x00000000ffa80000)
  to   space 43520K, 0% used [0x00000000fa680000,0x00000000fa680000,0x00000000fd100000)
 ParOldGen       total 180736K, used 101665K [0x00000000a0000000, 0x00000000ab080000, 0x00000000e0000000)
  object space 180736K, 56% used [0x00000000a0000000,0x00000000a6348680,0x00000000ab080000)
 Metaspace       used 161793K, capacity 167503K, committed 167680K, reserved 1196032K
  class space    used 20357K, capacity 21474K, committed 21504K, reserved 1048576K
}
Event: 3731.735 GC heap before
{Heap before GC invocations=32 (full 5):
 PSYoungGen      total 475136K, used 461756K [0x00000000e0000000, 0x0000000100000000, 0x0000000100000000)
  eden space 432640K, 100% used [0x00000000e0000000,0x00000000fa680000,0x00000000fa680000)
  from space 42496K, 68% used [0x00000000fd100000,0x00000000fed6f2f8,0x00000000ffa80000)
  to   space 43520K, 0% used [0x00000000fa680000,0x00000000fa680000,0x00000000fd100000)
 ParOldGen       total 180736K, used 101665K [0x00000000a0000000, 0x00000000ab080000, 0x00000000e0000000)
  object space 180736K, 56% used [0x00000000a0000000,0x00000000a6348680,0x00000000ab080000)
 Metaspace       used 161889K, capacity 167577K, committed 167680K, reserved 1196032K
  class space    used 20364K, capacity 21475K, committed 21504K, reserved 1048576K
Event: 3734.613 GC heap after
Heap after GC invocations=32 (full 5):
 PSYoungGen      total 475136K, used 42386K [0x00000000e0000000, 0x0000000100000000, 0x0000000100000000)
  eden space 432640K, 0% used [0x00000000e0000000,0x00000000e0000000,0x00000000fa680000)
  from space 42496K, 99% used [0x00000000fa680000,0x00000000fcfe4b80,0x00000000fd000000)
  to   space 49152K, 0% used [0x00000000fd000000,0x00000000fd000000,0x0000000100000000)
 ParOldGen       total 180736K, used 101817K [0x00000000a0000000, 0x00000000ab080000, 0x00000000e0000000)
  object space 180736K, 56% used [0x00000000a0000000,0x00000000a636e680,0x00000000ab080000)
 Metaspace       used 161889K, capacity 167577K, committed 167680K, reserved 1196032K
  class space    used 20364K, capacity 21475K, committed 21504K, reserved 1048576K
}

Deoptimization events (10 events):
Event: 3727.443 Thread 0x000000001cc59000 Uncommon trap: reason=class_check action=maybe_recompile pc=0x0000000005a4b578 method=com.android.tools.r8.v.a.a.a.f.Z.equals(Ljava/lang/Object;)Z @ 1
Event: 3727.494 Thread 0x000000001cc59000 Uncommon trap: reason=unstable_if action=reinterpret pc=0x0000000007af0da0 method=com.android.tools.r8.u.c.M.a(Lcom/android/tools/r8/u/b/j1;II)V @ 95
Event: 3736.169 Thread 0x000000001cc4d000 Uncommon trap: reason=null_check action=make_not_entrant pc=0x0000000008033334 method=com.android.tools.r8.u.c.o.a(II)Lcom/android/tools/r8/graph/r; @ 14
Event: 3736.489 Thread 0x000000001cc4d000 Uncommon trap: reason=class_check action=maybe_recompile pc=0x0000000007f28530 method=com.android.tools.r8.ir.optimize.k.a(Lcom/android/tools/r8/u/b/T;)V @ 215
Event: 3736.713 Thread 0x000000001cc59000 Uncommon trap: reason=null_assert action=make_not_entrant pc=0x0000000006fde7f0 method=com.android.tools.r8.u.b.g1.S()I @ 4
Event: 3743.065 Thread 0x000000001cc59000 Uncommon trap: reason=unstable_if action=reinterpret pc=0x0000000008076608 method=com.android.tools.r8.v.a.a.a.f.c0$f.hasNext()Z @ 4
Event: 3750.256 Thread 0x000000001cc4d000 Uncommon trap: reason=unstable_if action=reinterpret pc=0x00000000073813cc method=com.android.tools.r8.v.a.a.a.f.x0.b()Lcom/android/tools/r8/v/a/a/a/h/y0; @ 4
Event: 3752.901 Thread 0x000000001cc4d000 Uncommon trap: reason=unstable_if action=reinterpret pc=0x0000000007262268 method=com.android.tools.r8.ir.optimize.h.c(Lcom/android/tools/r8/u/b/d0;)Z @ 98
Event: 3764.863 Thread 0x000000001cc59000 Uncommon trap: reason=unstable_if action=reinterpret pc=0x00000000052dc614 method=com.android.tools.r8.v.a.a.a.f.x0$f.hasNext()Z @ 4
Event: 3772.921 Thread 0x000000001cc59000 Uncommon trap: reason=null_check action=make_not_entrant pc=0x00000000080b7120 method=com.android.tools.r8.graph.r.equals(Ljava/lang/Object;)Z @ 8

Classes redefined (0 events):
No events

Internal exceptions (10 events):
Event: 3714.634 Thread 0x000000001cc59000 Exception <a 'sun/nio/fs/WindowsException'> (0x00000000eb904cf0) thrown at [D:\src\AOSP-openjdk-cygwin\jdk8u\hotspot\src\share\vm\prims\jni.cpp, line 710]
Event: 3714.865 Thread 0x000000001cc4d000 Exception <a 'sun/nio/fs/WindowsException'> (0x00000000eb3196d8) thrown at [D:\src\AOSP-openjdk-cygwin\jdk8u\hotspot\src\share\vm\prims\jni.cpp, line 710]
Event: 3716.139 Thread 0x000000001cc4d000 Implicit null exception at 0x0000000007af7483 to 0x0000000007af88c1
Event: 3716.180 Thread 0x000000001cc4d000 Exception <a 'sun/nio/fs/WindowsException'> (0x00000000ebe35030) thrown at [D:\src\AOSP-openjdk-cygwin\jdk8u\hotspot\src\share\vm\prims\jni.cpp, line 710]
Event: 3717.299 Thread 0x000000001cc59000 Exception <a 'sun/nio/fs/WindowsException'> (0x00000000eb95e3f0) thrown at [D:\src\AOSP-openjdk-cygwin\jdk8u\hotspot\src\share\vm\prims\jni.cpp, line 710]
Event: 3717.919 Thread 0x000000001cc59000 Exception <a 'sun/nio/fs/WindowsException'> (0x00000000ec542aa0) thrown at [D:\src\AOSP-openjdk-cygwin\jdk8u\hotspot\src\share\vm\prims\jni.cpp, line 710]
Event: 3719.242 Thread 0x000000001cc4d000 Exception <a 'sun/nio/fs/WindowsException'> (0x00000000ecae4898) thrown at [D:\src\AOSP-openjdk-cygwin\jdk8u\hotspot\src\share\vm\prims\jni.cpp, line 710]
Event: 3721.259 Thread 0x000000001cc59000 Exception <a 'sun/nio/fs/WindowsException'> (0x00000000f01e6638) thrown at [D:\src\AOSP-openjdk-cygwin\jdk8u\hotspot\src\share\vm\prims\jni.cpp, line 710]
Event: 3736.169 Thread 0x000000001cc4d000 Implicit null exception at 0x000000000802d0d8 to 0x000000000803331d
Event: 3772.921 Thread 0x000000001cc59000 Implicit null exception at 0x00000000080b59f6 to 0x00000000080b7101

Events (10 events):
Event: 3772.923 Thread 0x000000001cc59000 DEOPT UNPACKING pc=0x0000000002f7557b sp=0x00000000229fab38 mode 2
Event: 3777.174 Thread 0x000000001cc4d000 DEOPT PACKING pc=0x0000000007c78040 sp=0x000000001b5183b0
Event: 3777.284 Thread 0x000000001cc4d000 DEOPT UNPACKING pc=0x0000000002f771d0 sp=0x000000001b518298 mode 0
Event: 3779.204 Thread 0x000000001cc4d000 DEOPT PACKING pc=0x0000000007e1df00 sp=0x000000001b518250
Event: 3779.252 Thread 0x000000001cc4d000 DEOPT UNPACKING pc=0x0000000002f771d0 sp=0x000000001b518278 mode 0
Event: 3780.573 loading class com/android/tools/r8/u/c/M$a
Event: 3780.582 loading class com/android/tools/r8/u/c/M$a done
Event: 3781.119 Thread 0x0000000016652000 flushing nmethod 0x0000000003168290
Event: 3781.213 Thread 0x0000000016652000 flushing nmethod 0x00000000031cb490
Event: 3781.525 Thread 0x0000000016652000 flushing nmethod 0x00000000032d4490


Dynamic libraries:
0x00007ff6d67e0000 - 0x00007ff6d6811000 	C:\Program Files\Android\Android Studio\jre\bin\java.exe
0x00007ffbd6900000 - 0x00007ffbd6af0000 	C:\WINDOWS\SYSTEM32\ntdll.dll
0x00007ffbd6800000 - 0x00007ffbd68b2000 	C:\WINDOWS\System32\KERNEL32.DLL
0x00007ffbd4700000 - 0x00007ffbd49a4000 	C:\WINDOWS\System32\KERNELBASE.dll
0x00007ffbd49b0000 - 0x00007ffbd4a53000 	C:\WINDOWS\System32\ADVAPI32.dll
0x00007ffbd6420000 - 0x00007ffbd64be000 	C:\WINDOWS\System32\msvcrt.dll
0x00007ffbd6140000 - 0x00007ffbd61d7000 	C:\WINDOWS\System32\sechost.dll
0x00007ffbd6020000 - 0x00007ffbd6140000 	C:\WINDOWS\System32\RPCRT4.dll
0x00007ffbd54e0000 - 0x00007ffbd5674000 	C:\WINDOWS\System32\USER32.dll
0x00007ffbd4430000 - 0x00007ffbd4451000 	C:\WINDOWS\System32\win32u.dll
0x00007ffbd52a0000 - 0x00007ffbd52c6000 	C:\WINDOWS\System32\GDI32.dll
0x00007ffbd3990000 - 0x00007ffbd3b24000 	C:\WINDOWS\System32\gdi32full.dll
0x00007ffbd4660000 - 0x00007ffbd46fe000 	C:\WINDOWS\System32\msvcp_win.dll
0x00007ffbd4330000 - 0x00007ffbd442a000 	C:\WINDOWS\System32\ucrtbase.dll
0x00007ffbbb320000 - 0x00007ffbbb5a4000 	C:\WINDOWS\WinSxS\amd64_microsoft.windows.common-controls_6595b64144ccf1df_6.0.18362.836_none_e6c4b943130f18ed\COMCTL32.dll
0x00007ffbd64c0000 - 0x00007ffbd67f6000 	C:\WINDOWS\System32\combase.dll
0x00007ffbd38c0000 - 0x00007ffbd3940000 	C:\WINDOWS\System32\bcryptPrimitives.dll
0x00007ffbd52e0000 - 0x00007ffbd530e000 	C:\WINDOWS\System32\IMM32.DLL
0x00000000575d0000 - 0x00000000576a2000 	C:\Program Files\Android\Android Studio\jre\jre\bin\msvcr100.dll
0x0000000056620000 - 0x0000000056e66000 	C:\Program Files\Android\Android Studio\jre\jre\bin\server\jvm.dll
0x00007ffbd52d0000 - 0x00007ffbd52d8000 	C:\WINDOWS\System32\PSAPI.DLL
0x00007ffbd14d0000 - 0x00007ffbd14f4000 	C:\WINDOWS\SYSTEM32\WINMM.dll
0x00007ffbc6740000 - 0x00007ffbc674a000 	C:\WINDOWS\SYSTEM32\VERSION.dll
0x00007ffbd14a0000 - 0x00007ffbd14cd000 	C:\WINDOWS\SYSTEM32\WINMMBASE.dll
0x00007ffbd3940000 - 0x00007ffbd398a000 	C:\WINDOWS\System32\cfgmgr32.dll
0x00007ffbbef60000 - 0x00007ffbbef69000 	C:\WINDOWS\SYSTEM32\WSOCK32.dll
0x00007ffbd5fb0000 - 0x00007ffbd601f000 	C:\WINDOWS\System32\WS2_32.dll
0x00007ffbbdb30000 - 0x00007ffbbdb3f000 	C:\Program Files\Android\Android Studio\jre\jre\bin\verify.dll
0x00007ffbb9680000 - 0x00007ffbb96a9000 	C:\Program Files\Android\Android Studio\jre\jre\bin\java.dll
0x00007ffbbb880000 - 0x00007ffbbb896000 	C:\Program Files\Android\Android Studio\jre\jre\bin\zip.dll
0x00007ffbd56a0000 - 0x00007ffbd5d84000 	C:\WINDOWS\System32\SHELL32.dll
0x00007ffbd5310000 - 0x00007ffbd53b9000 	C:\WINDOWS\System32\shcore.dll
0x00007ffbd3bb0000 - 0x00007ffbd432e000 	C:\WINDOWS\System32\windows.storage.dll
0x00007ffbd3860000 - 0x00007ffbd3883000 	C:\WINDOWS\System32\profapi.dll
0x00007ffbd3810000 - 0x00007ffbd385a000 	C:\WINDOWS\System32\powrprof.dll
0x00007ffbd37c0000 - 0x00007ffbd37d0000 	C:\WINDOWS\System32\UMPDC.dll
0x00007ffbd5da0000 - 0x00007ffbd5df2000 	C:\WINDOWS\System32\shlwapi.dll
0x00007ffbd37f0000 - 0x00007ffbd3801000 	C:\WINDOWS\System32\kernel.appcore.dll
0x00007ffbd3b90000 - 0x00007ffbd3ba7000 	C:\WINDOWS\System32\cryptsp.dll
0x00007ffbbb820000 - 0x00007ffbbb83a000 	C:\Program Files\Android\Android Studio\jre\jre\bin\net.dll
0x00007ffbc6210000 - 0x00007ffbc63e6000 	C:\WINDOWS\SYSTEM32\urlmon.dll
0x00007ffbc5e60000 - 0x00007ffbc6106000 	C:\WINDOWS\SYSTEM32\iertutil.dll
0x00007ffbd3200000 - 0x00007ffbd320c000 	C:\WINDOWS\SYSTEM32\CRYPTBASE.DLL
0x00007ffbd3030000 - 0x00007ffbd3097000 	C:\WINDOWS\system32\mswsock.dll
0x00007ffbb81a0000 - 0x00007ffbb81b3000 	C:\Program Files\Android\Android Studio\jre\jre\bin\nio.dll
0x00007ffbbf190000 - 0x00007ffbbf1b6000 	C:\Users\christ\.gradle\native\30\windows-amd64\native-platform.dll
0x00007ffbbd670000 - 0x00007ffbbd67d000 	C:\Program Files\Android\Android Studio\jre\jre\bin\management.dll
0x00007ffbd2b40000 - 0x00007ffbd2b73000 	C:\WINDOWS\system32\rsaenh.dll
0x00007ffbd3890000 - 0x00007ffbd38b6000 	C:\WINDOWS\System32\bcrypt.dll
0x00007ffbd36b0000 - 0x00007ffbd36d5000 	C:\WINDOWS\SYSTEM32\USERENV.dll
0x00007ffbd2ce0000 - 0x00007ffbd2d1a000 	C:\WINDOWS\SYSTEM32\IPHLPAPI.DLL
0x00007ffbd61e0000 - 0x00007ffbd61e8000 	C:\WINDOWS\System32\NSI.dll
0x00007ffbc6750000 - 0x00007ffbc6766000 	C:\WINDOWS\SYSTEM32\dhcpcsvc6.DLL
0x00007ffbc6a00000 - 0x00007ffbc6a1c000 	C:\WINDOWS\SYSTEM32\dhcpcsvc.DLL
0x00007ffbd2d20000 - 0x00007ffbd2deb000 	C:\WINDOWS\SYSTEM32\DNSAPI.dll
0x00007ffbd2820000 - 0x00007ffbd2851000 	C:\WINDOWS\SYSTEM32\ntmarta.dll
0x00007ffbbf0c0000 - 0x00007ffbbf0de000 	C:\Users\christ\AppData\Local\Temp\native-platform3600697611133097521dir\native-platform.dll
0x00007ffbd1530000 - 0x00007ffbd1554000 	C:\Program Files\Android\Android Studio\jre\jre\bin\sunec.dll
0x00007ffbbb690000 - 0x00007ffbbb69b000 	C:\Program Files\Android\Android Studio\jre\jre\bin\sunmscapi.dll
0x00007ffbd4510000 - 0x00007ffbd4659000 	C:\WINDOWS\System32\CRYPT32.dll
0x00007ffbd37d0000 - 0x00007ffbd37e2000 	C:\WINDOWS\System32\MSASN1.dll
0x00007ffbc0ca0000 - 0x00007ffbc0caa000 	C:\Windows\System32\rasadhlp.dll
0x00007ffbc6660000 - 0x00007ffbc66d7000 	C:\WINDOWS\System32\fwpuclnt.dll

VM Arguments:
jvm_args: -Xmx1536m -Dfile.encoding=windows-1252 -Duser.country=FR -Duser.language=fr -Duser.variant 
java_command: org.gradle.launcher.daemon.bootstrap.GradleDaemon 5.6.4
java_class_path (initial): C:\Users\christ\.gradle\wrapper\dists\gradle-5.6.4-all\ankdp27end7byghfw1q2sw75f\gradle-5.6.4\lib\gradle-launcher-5.6.4.jar
Launcher Type: SUN_STANDARD

Environment Variables:
PATH=C:\Program Files (x86)\Common Files\Oracle\Java\javapath;C:\WINDOWS\system32;C:\WINDOWS;C:\WINDOWS\System32\Wbem;C:\WINDOWS\System32\WindowsPowerShell\v1.0\;C:\WINDOWS\System32\OpenSSH\;C:\Users\christ\AppData\Local\Microsoft\WindowsApps;C:\flutter\bin;
USERNAME=christ
OS=Windows_NT
PROCESSOR_IDENTIFIER=Intel64 Family 6 Model 122 Stepping 1, GenuineIntel



---------------  S Y S T E M  ---------------

OS: Windows 10.0 , 64 bit Build 18362 (10.0.18362.778)

CPU:total 2 (initial active 2) (2 cores per cpu, 1 threads per core) family 6 model 122 stepping 1, cmov, cx8, fxsr, mmx, sse, sse2, sse3, ssse3, sse4.1, sse4.2, popcnt, aes, clmul, erms, 3dnowpref, tsc, tscinvbit

Memory: 4k page, physical 4011984k(194596k free), swap 10756684k(1144k free)

vm_info: OpenJDK 64-Bit Server VM (25.212-b04) for windows-amd64 JRE (1.8.0_212-release-1586-b04), built by "builder" with MS VC++ 10.0 (VS2010)

time: Sun May 31 21:09:31 2020
timezone: São Tomé (heure standard)
elapsed time: 3784 seconds (0d 1h 3m 4s)

